(---------------------------------------------------------------------)
(                                                                     )
(    NC DRILL Log                                                     )
(                                                                     )
(    Drawing          : FEB_DET_1V0.brd                               )
(    Software Version : 16.6-2015S066                                 )
(    Date/Time        : Thu Aug 24 19:38:11 2017                      )
(                                                                     )
(---------------------------------------------------------------------)



 Processing NC Parameters file 'nc_param.txt' ...

 NC PARAMETERS
 -------------

 FORMAT   		2.5
 MACHINE-OFFSET		x:0.00000	y:0.00000   (inch)
 FEEDRATE		1
 COORDINATES		ABSOLUTE
 OUTPUT-UNITS		ENGLISH
 TOOL-ORDER		INCREASING
 REPEAT-CODES		YES
 SUPPRESS-LEAD-ZEROES	NO
 SUPPRESS-TRAIL-ZEROES	NO
 SUPPRESS-EQUAL		NO
 TOOL-SELECT		NO
 HEADER			none
 LEADER			12
 CODE			ASCII
 SEPARATE		NO
 SEPARATE-ROUTING	NO
 OPTIMIZE_DRILLING	NO
 ENHANCED_EXCELLON	NO
 SCALE			1.000000

 WARNING(SPMHMF-360): Design precision is greater than that of the drill output file data.
 WARNING(SPMHMF-361): Data rounding errors are very possible.


 Drill files being output to directory 'E:/Work_File/CEPC/Schematic-amd-PCB-of-DET_V1' ...



     'FEB_DET_1V0-1-8.drl' created for holes connecting TOP and BOTTOM
     -----------------------------------------------------------------

           Num     Size      +/- Tolerance     Plating   Quantity

            1.   8.0000    0.0000/  0.0000      PLATED       2145
            2.  12.0000    0.0000/  0.0000      PLATED         12
            3.  16.0000    0.0000/  0.0000      PLATED          3
            4.  23.6220    0.0000/  0.0000      PLATED         72
            5.  25.0000    0.0000/  0.0000      PLATED         16
            6.  35.4300    0.0000/  0.0000      PLATED          4
            7.  40.0000    0.0000/  0.0000      PLATED         38
            8.  63.0000    0.0000/  0.0000      PLATED          4
            9.  70.0000    0.0000/  0.0000      PLATED          4
           10. 126.0000    0.0000/  0.0000      PLATED          9

     ---- Total holes:                                       2307

     ---- Total head travel:              155.43 feet (47.38 meters)

