(---------------------------------------------------------------------)
(                                                                     )
(    Allegro Netrev Import Logic                                      )
(                                                                     )
(    Drawing          : FEB_DET_1V0.brd                               )
(    Software Version : 16.6-2015S066                                 )
(    Date/Time        : Wed Aug 16 16:13:05 2017                      )
(                                                                     )
(---------------------------------------------------------------------)


------ Directives ------------

Ripup etch:                  No
Ripup delete first segment:  No
Ripup retain bondwire:       No
Ripup symbols:               Always
Missing symbol has error:    No
DRC update:                  Yes
Schematic directory:         'E:/Work_File/CEPC/Schematic-amd-PCB-of-DET_V1/allegro'
Design Directory:            '.'
Old design name:             'E:/Work_File/CEPC/Schematic-amd-PCB-of-DET_V1/FEB_DET_1V0.brd'
New design name:             'E:/Work_File/CEPC/Schematic-amd-PCB-of-DET_V1/FEB_DET_1V0.brd'

CmdLine: netrev -$ -i E:/Work_File/CEPC/Schematic-amd-PCB-of-DET_V1/allegro -y 1 -q netrev_constraint_report.xml E:/Work_File/CEPC/Schematic-amd-PCB-of-DET_V1/#Taaaaae12616.tmp

------ Preparing to read pst files ------

Starting to read E:/Work_File/CEPC/Schematic-amd-PCB-of-DET_V1/allegro/pstchip.dat 
   Finished reading E:/Work_File/CEPC/Schematic-amd-PCB-of-DET_V1/allegro/pstchip.dat (00:00:00.04)
Starting to read E:/Work_File/CEPC/Schematic-amd-PCB-of-DET_V1/allegro/pstxprt.dat 
   Finished reading E:/Work_File/CEPC/Schematic-amd-PCB-of-DET_V1/allegro/pstxprt.dat (00:00:00.02)
Starting to read E:/Work_File/CEPC/Schematic-amd-PCB-of-DET_V1/allegro/pstxnet.dat 
   Finished reading E:/Work_File/CEPC/Schematic-amd-PCB-of-DET_V1/allegro/pstxnet.dat (00:00:00.02)

------ Oversights/Warnings/Errors ------


------ Library Paths ------
MODULEPATH =  . 
           C:/Cadence/Cadence_SPB_16.6-2015/share/local/pcb/modules 

PSMPATH =  E:/Work_File/FEE_DAQ_for_GEM/library2.0/ 
           . 
           symbols 
           .. 
           ../symbols 
           C:/Cadence/Cadence_SPB_16.6-2015/share/local/pcb/symbols 
           C:/Cadence/Cadence_SPB_16.6-2015/share/pcb/pcb_lib/symbols 
           C:/Cadence/Cadence_SPB_16.6-2015/share/pcb/allegrolib/symbols 

PADPATH =  E:/Work_File/FEE_DAQ_for_GEM/library2.0/ 
           E:/Work_File/FEE_DAQ_for_GEM/library2.0/pad/ 
           . 
           symbols 
           .. 
           ../symbols 
           C:/Cadence/Cadence_SPB_16.6-2015/share/local/pcb/padstacks 
           C:/Cadence/Cadence_SPB_16.6-2015/share/pcb/pcb_lib/symbols 
           C:/Cadence/Cadence_SPB_16.6-2015/share/pcb/allegrolib/symbols 


------ Summary Statistics ------


netrev run on Aug 16 16:13:05 2017
   DESIGN NAME : 'FEB_SKIROC2 - V1'
   PACKAGING ON Feb 15 2016 19:53:59

   COMPILE 'logic'
   CHECK_PIN_NAMES OFF
   CROSS_REFERENCE OFF
   FEEDBACK OFF
   INCREMENTAL OFF
   INTERFACE_TYPE PHYSICAL
   MAX_ERRORS 500
   MERGE_MINIMUM 5
   NET_NAME_CHARS '#%&()*+-./:=>?@[]^_`|'
   NET_NAME_LENGTH 24
   OVERSIGHTS ON
   REPLACE_CHECK OFF
   SINGLE_NODE_NETS ON
   SPLIT_MINIMUM 0
   SUPPRESS   20
   WARNINGS ON

 No error detected
 No oversight detected
 No warning detected

cpu time      0:00:53
elapsed time  0:00:00

