Fri Aug 11 17:03:42 2017				Page     1


 
Update Symbols/Modules Logfile
	Fri Aug 11 17:03:42 2017

------ Module Refresh Messages ------

SUMMARY:    Updated 0 out of 0 modules

------ End Module Messages     ------



(---------------------------------------------------------------------)
(                                                                     )
(    Refresh Symbol                                                   )
(                                                                     )
(    Drawing          : FEB_DET_1V0.brd                               )
(    Software Version : 16.6-2015S066                                 )
(    Date/Time        : Fri Aug 11 17:03:42 2017                      )
(                                                                     )
(---------------------------------------------------------------------)


Fri Aug 11 17:03:42 2017				Page     1


------ Symbol Refresh Directives ------

Input design  = 'E:/Work_File/CEPC/Schematic-amd-PCB-of-DET_V1/FEB_DET_1V0.brd'
Output design = ''

Update mechanical symbols              = 'NO'
Update format symbols                  = 'NO'
Update package symbols                 = 'YES'
Update shape/flash symbols             = 'NO'
Update symbol padstacks                = 'NO'
Preserve padstacks replaced on pins    = 'NO'
Reset symbol text and size locations   = 'NO'
Reset Pin Escapes (fanouts)            = 'NO'
Ripup Etch                             = 'NO'
Reset custom drill data                = 'NO'


------ Library Paths ------
PSMPATH =  E:/Work_File/FEE_DAQ_for_GEM/library2.0/ 
           E:/CADENCE/FEELAB_3V1/ 

PADPATH =  E:/Work_File/FEE_DAQ_for_GEM/library2.0/ 
           E:/Work_File/FEE_DAQ_for_GEM/library2.0/pad/ 
           E:/WORK_FILE/FEE_DAQ_FOR_GEM/ACTEL FPGA/PULSESHAPING_2015/LIB2/ 
           E:/Cadence/feelab_3V1/ 


------ Symbol Refresh Messages ------

'S5980'  symbol refreshed successfully.
'MAA05A'  symbol refreshed successfully.
'C11204_01'  symbol refreshed successfully.
'AD7944'  symbol refreshed successfully.
'DBV6'  symbol refreshed successfully.
'LM6142_DFP'  symbol refreshed successfully.
'SOT65P210X110-5N'  symbol refreshed successfully.
'TLV5618_D_DFP'  symbol refreshed successfully.
'SIP-4P-156'  symbol refreshed successfully.
'TPS7A85'  symbol refreshed successfully.
'SKIROC2'  symbol refreshed successfully.
'2MM_HOLE'  symbol refreshed successfully.
'154744-ERNI'  symbol refreshed successfully.


----- Symbol Update Summary ----

Updated symbols: 13 out 13
    Design updated.

